<?xml version="1.0" encoding="UTF-8"?>
<testsuite xmlns:xsi="http://www.w3.org/2001/XMLSchema-instance" xsi:noNamespaceSchemaLocation="https://maven.apache.org/surefire/maven-surefire-plugin/xsd/surefire-test-report.xsd" name="gestion.heladeria.ApplicationTests" time="0.136" tests="1" errors="1" skipped="0" failures="0">
  <properties>
[...]
</properties>
  <testcase name="gestion.heladeria.ApplicationTests" classname="gestion.heladeria.ApplicationTests" time="0.135">
    <error message="Unable to find a @SpringBootConfiguration, you need to use @ContextConfiguration or @SpringBootTest(classes=...) with your test" type="java.lang.IllegalStateException">java.lang.IllegalStateException: Unable to find a @SpringBootConfiguration, you need to use @ContextConfiguration or @SpringBootTest(classes=...) with your test
</error>
    <system-out><![CDATA[01:35:10.863 [main] DEBUG org.springframework.test.context.BootstrapUtils - Instantiating CacheAwareContextLoaderDelegate from class [org.springframework.test.context.cache.DefaultCacheAwareContextLoaderDelegate]
01:35:10.869 [main] DEBUG org.springframework.test.context.BootstrapUtils - Instantiating BootstrapContext using constructor [public org.springframework.test.context.support.DefaultBootstrapContext(java.lang.Class,org.springframework.test.context.CacheAwareContextLoaderDelegate)]
01:35:10.892 [main] DEBUG org.springframework.test.context.BootstrapUtils - Instantiating TestContextBootstrapper for test class [gestion.heladeria.ApplicationTests] from class [org.springframework.boot.test.context.SpringBootTestContextBootstrapper]
01:35:10.899 [main] INFO org.springframework.boot.test.context.SpringBootTestContextBootstrapper - Neither @ContextConfiguration nor @ContextHierarchy found for test class [gestion.heladeria.ApplicationTests], using SpringBootContextLoader
01:35:10.902 [main] DEBUG org.springframework.test.context.support.AbstractContextLoader - Did not detect default resource location for test class [gestion.heladeria.ApplicationTests]: class path resource [gestion/heladeria/ApplicationTests-context.xml] does not exist
01:35:10.902 [main] DEBUG org.springframework.test.context.support.AbstractContextLoader - Did not detect default resource location for test class [gestion.heladeria.ApplicationTests]: class path resource [gestion/heladeria/ApplicationTestsContext.groovy] does not exist
01:35:10.902 [main] INFO org.springframework.test.context.support.AbstractContextLoader - Could not detect default resource locations for test class [gestion.heladeria.ApplicationTests]: no resource found for suffixes {-context.xml, Context.groovy}.
01:35:10.902 [main] INFO org.springframework.test.context.support.AnnotationConfigContextLoaderUtils - Could not detect default configuration classes for test class [gestion.heladeria.ApplicationTests]: ApplicationTests does not declare any static, non-private, non-final, nested classes annotated with @Configuration.
01:35:10.930 [main] DEBUG org.springframework.test.context.support.ActiveProfilesUtils - Could not find an 'annotation declaring class' for annotation type [org.springframework.test.context.ActiveProfiles] and class [gestion.heladeria.ApplicationTests]
]]></system-out>
  </testcase>
</testsuite>